Determining if the pthread_create exist failed with the following output:
Change Dir: /home/prasad/SFND_Lidar_Obstacle_Detection/build/CMakeFiles/CMakeTmp

Run Build Command:"/usr/bin/make" "cmTC_2667b/fast"
/usr/bin/make -f CMakeFiles/cmTC_2667b.dir/build.make CMakeFiles/cmTC_2667b.dir/build
make[1]: Entering directory '/home/prasad/SFND_Lidar_Obstacle_Detection/build/CMakeFiles/CMakeTmp'
Building C object CMakeFiles/cmTC_2667b.dir/CheckSymbolExists.c.o
/usr/bin/cc    -o CMakeFiles/cmTC_2667b.dir/CheckSymbolExists.c.o   -c /home/prasad/SFND_Lidar_Obstacle_Detection/build/CMakeFiles/CMakeTmp/CheckSymbolExists.c
Linking C executable cmTC_2667b
/usr/bin/cmake -E cmake_link_script CMakeFiles/cmTC_2667b.dir/link.txt --verbose=1
/usr/bin/cc      -rdynamic CMakeFiles/cmTC_2667b.dir/CheckSymbolExists.c.o  -o cmTC_2667b 
CMakeFiles/cmTC_2667b.dir/CheckSymbolExists.c.o: In function `main':
CheckSymbolExists.c:(.text+0x1b): undefined reference to `pthread_create'
collect2: error: ld returned 1 exit status
CMakeFiles/cmTC_2667b.dir/build.make:97: recipe for target 'cmTC_2667b' failed
make[1]: *** [cmTC_2667b] Error 1
make[1]: Leaving directory '/home/prasad/SFND_Lidar_Obstacle_Detection/build/CMakeFiles/CMakeTmp'
Makefile:126: recipe for target 'cmTC_2667b/fast' failed
make: *** [cmTC_2667b/fast] Error 2

File /home/prasad/SFND_Lidar_Obstacle_Detection/build/CMakeFiles/CMakeTmp/CheckSymbolExists.c:
/* */
#include <pthread.h>

int main(int argc, char** argv)
{
  (void)argv;
#ifndef pthread_create
  return ((int*)(&pthread_create))[argc];
#else
  (void)argc;
  return 0;
#endif
}

Determining if the function pthread_create exists in the pthreads failed with the following output:
Change Dir: /home/prasad/SFND_Lidar_Obstacle_Detection/build/CMakeFiles/CMakeTmp

Run Build Command:"/usr/bin/make" "cmTC_4d604/fast"
/usr/bin/make -f CMakeFiles/cmTC_4d604.dir/build.make CMakeFiles/cmTC_4d604.dir/build
make[1]: Entering directory '/home/prasad/SFND_Lidar_Obstacle_Detection/build/CMakeFiles/CMakeTmp'
Building C object CMakeFiles/cmTC_4d604.dir/CheckFunctionExists.c.o
/usr/bin/cc   -DCHECK_FUNCTION_EXISTS=pthread_create   -o CMakeFiles/cmTC_4d604.dir/CheckFunctionExists.c.o   -c /usr/share/cmake-3.10/Modules/CheckFunctionExists.c
Linking C executable cmTC_4d604
/usr/bin/cmake -E cmake_link_script CMakeFiles/cmTC_4d604.dir/link.txt --verbose=1
/usr/bin/cc  -DCHECK_FUNCTION_EXISTS=pthread_create    -rdynamic CMakeFiles/cmTC_4d604.dir/CheckFunctionExists.c.o  -o cmTC_4d604 -lpthreads 
/usr/bin/ld: cannot find -lpthreads
collect2: error: ld returned 1 exit status
CMakeFiles/cmTC_4d604.dir/build.make:97: recipe for target 'cmTC_4d604' failed
make[1]: *** [cmTC_4d604] Error 1
make[1]: Leaving directory '/home/prasad/SFND_Lidar_Obstacle_Detection/build/CMakeFiles/CMakeTmp'
Makefile:126: recipe for target 'cmTC_4d604/fast' failed
make: *** [cmTC_4d604/fast] Error 2


